$SYS/broker/version mosquitto version 1.4.1
$SYS/broker/version mosquitto version 1.4.1
$SYS/broker/timestamp 2015-08-24 15:40:03+0800
$SYS/broker/uptime 13024 seconds
$SYS/broker/clients/total 2
$SYS/broker/clients/inactive 2
$SYS/broker/clients/disconnected 2
$SYS/broker/clients/active 0
$SYS/broker/clients/connected 0
$SYS/broker/clients/expired 0
$SYS/broker/messages/stored 657
$SYS/broker/messages/received 133
$SYS/broker/messages/sent 3356
$SYS/broker/subscriptions/count 4
$SYS/broker/retained messages/count 44
$SYS/broker/heap/current 77296
$SYS/broker/heap/maximum 98068
$SYS/broker/publish/messages/dropped 0
$SYS/broker/publish/messages/received 0
$SYS/broker/publish/messages/sent 3251
$SYS/broker/publish/bytes/received 0
$SYS/broker/publish/bytes/sent 15931
$SYS/broker/bytes/received 3672
$SYS/broker/bytes/sent 131766
$SYS/broker/load/messages/received/1min 0.88
$SYS/broker/load/messages/received/5min 0.34
$SYS/broker/load/messages/received/15min 0.19
$SYS/broker/load/messages/sent/1min 20.19
$SYS/broker/load/messages/sent/5min 7.80
$SYS/broker/load/messages/sent/15min 4.05
$SYS/broker/load/bytes/received/1min 31.16
$SYS/broker/load/bytes/received/5min 12.04
$SYS/broker/load/bytes/received/15min 5.97
$SYS/broker/load/bytes/sent/1min 763.60
$SYS/broker/load/bytes/sent/5min 295.11
$SYS/broker/load/bytes/sent/15min 154.35
$SYS/broker/load/sockets/1min 0.44
$SYS/broker/load/sockets/5min 0.20
$SYS/broker/load/sockets/15min 0.09
$SYS/broker/load/connections/1min 0.44
$SYS/broker/load/connections/5min 0.20
$SYS/broker/load/connections/15min 0.09
$SYS/broker/load/publish/sent/1min 19.31
$SYS/broker/load/publish/sent/5min 7.46
$SYS/broker/load/publish/sent/15min 3.88
$SYS/broker/uptime 13035 seconds
$SYS/broker/clients/total 3
$SYS/broker/clients/active 1
$SYS/broker/clients/connected 1
$SYS/broker/load/messages/received/1min 2.56
$SYS/broker/load/messages/sent/1min 58.84
$SYS/broker/load/publish/sent/1min 56.28
$SYS/broker/load/bytes/received/1min 90.81
$SYS/broker/load/bytes/sent/1min 2233.73
$SYS/broker/load/sockets/1min 1.28
$SYS/broker/load/connections/1min 1.28
$SYS/broker/load/messages/received/5min 0.72
$SYS/broker/load/messages/sent/5min 16.55
$SYS/broker/load/publish/sent/5min 15.83
$SYS/broker/load/bytes/received/5min 25.55
$SYS/broker/load/bytes/sent/5min 627.95
$SYS/broker/load/sockets/5min 0.36
$SYS/broker/load/connections/5min 0.36
$SYS/broker/load/messages/received/15min 0.31
$SYS/broker/load/messages/sent/15min 7.05
$SYS/broker/load/publish/sent/15min 6.75
$SYS/broker/load/bytes/received/15min 10.60
$SYS/broker/load/bytes/sent/15min 268.37
$SYS/broker/load/sockets/15min 0.15
$SYS/broker/load/connections/15min 0.15
$SYS/broker/subscriptions/count 5
$SYS/broker/heap/current 79852
$SYS/broker/messages/received 135
$SYS/broker/messages/sent 3402
$SYS/broker/publish/messages/sent 3295
$SYS/broker/bytes/received 3743
$SYS/broker/bytes/sent 133515
$SYS/broker/publish/bytes/sent 16136
$SYS/broker/uptime 13046 seconds
$SYS/broker/load/messages/received/1min 2.13
$SYS/broker/load/messages/sent/1min 79.13
$SYS/broker/load/publish/sent/1min 77.00
$SYS/broker/load/bytes/received/1min 75.60
$SYS/broker/load/bytes/sent/1min 3062.88
$SYS/broker/load/sockets/1min 1.06
$SYS/broker/load/connections/1min 1.06
$SYS/broker/load/messages/received/5min 0.69
$SYS/broker/load/messages/sent/5min 22.44
$SYS/broker/load/publish/sent/5min 21.74
$SYS/broker/load/bytes/received/5min 24.63
$SYS/broker/load/bytes/sent/5min 863.97
$SYS/broker/load/sockets/5min 0.35
$SYS/broker/load/connections/5min 0.35
$SYS/broker/load/messages/sent/15min 9.15
$SYS/broker/load/publish/sent/15min 8.86
$SYS/broker/load/bytes/received/15min 10.47
$SYS/broker/load/bytes/sent/15min 352.37
$SYS/broker/heap/current 79936
$SYS/broker/messages/sent 3435
$SYS/broker/publish/messages/sent 3328
$SYS/broker/bytes/sent 134832
$SYS/broker/publish/bytes/sent 16282
$SYS/broker/version mosquitto version 1.4.1
$SYS/broker/timestamp 2015-08-24 15:40:03+0800
$SYS/broker/uptime 13079 seconds
$SYS/broker/clients/total 2
$SYS/broker/clients/inactive 2
$SYS/broker/clients/disconnected 2
$SYS/broker/clients/active 0
$SYS/broker/clients/connected 0
$SYS/broker/clients/expired 0
$SYS/broker/messages/stored 657
$SYS/broker/messages/received 135
$SYS/broker/messages/sent 3459
$SYS/broker/subscriptions/count 4
$SYS/broker/retained messages/count 44
$SYS/broker/heap/current 77496
$SYS/broker/heap/maximum 98068
$SYS/broker/publish/messages/dropped 0
$SYS/broker/publish/messages/received 0
$SYS/broker/publish/messages/sent 3352
$SYS/broker/publish/bytes/received 0
$SYS/broker/publish/bytes/sent 16405
$SYS/broker/bytes/received 3743
$SYS/broker/bytes/sent 135820
$SYS/broker/load/messages/received/1min 1.23
$SYS/broker/load/messages/received/5min 0.62
$SYS/broker/load/messages/received/15min 0.31
$SYS/broker/load/messages/sent/1min 60.85
$SYS/broker/load/messages/sent/5min 24.48
$SYS/broker/load/messages/sent/15min 10.37
$SYS/broker/load/bytes/received/1min 43.62
$SYS/broker/load/bytes/received/5min 22.07
$SYS/broker/load/bytes/received/15min 10.09
$SYS/broker/load/bytes/sent/1min 2392.75
$SYS/broker/load/bytes/sent/5min 954.28
$SYS/broker/load/bytes/sent/15min 403.57
$SYS/broker/load/sockets/1min 0.61
$SYS/broker/load/sockets/5min 0.31
$SYS/broker/load/sockets/15min 0.15
$SYS/broker/load/connections/1min 0.61
$SYS/broker/load/connections/5min 0.31
$SYS/broker/load/connections/15min 0.15
$SYS/broker/load/publish/sent/1min 59.62
$SYS/broker/load/publish/sent/5min 23.86
$SYS/broker/load/publish/sent/15min 10.09
$SYS/broker/version mosquitto version 1.4.1
$SYS/broker/timestamp 2015-08-24 15:40:03+0800
$SYS/broker/uptime 13112 seconds
$SYS/broker/clients/total 2
$SYS/broker/clients/inactive 2
$SYS/broker/clients/disconnected 2
$SYS/broker/clients/active 0
$SYS/broker/clients/connected 0
$SYS/broker/clients/expired 0
$SYS/broker/messages/stored 657
$SYS/broker/messages/received 137
$SYS/broker/messages/sent 3505
$SYS/broker/subscriptions/count 4
$SYS/broker/retained messages/count 44
$SYS/broker/heap/current 77304
$SYS/broker/heap/maximum 98068
$SYS/broker/publish/messages/dropped 0
$SYS/broker/publish/messages/received 0
$SYS/broker/publish/messages/sent 3396
$SYS/broker/publish/bytes/received 0
$SYS/broker/publish/bytes/sent 16616
$SYS/broker/bytes/received 3814
$SYS/broker/bytes/sent 137575
$SYS/broker/load/messages/received/1min 1.98
$SYS/broker/load/messages/received/5min 0.92
$SYS/broker/load/messages/received/15min 0.43
$SYS/broker/load/messages/sent/1min 64.24
$SYS/broker/load/messages/sent/5min 30.33
$SYS/broker/load/messages/sent/15min 12.98
$SYS/broker/load/bytes/received/1min 70.12
$SYS/broker/load/bytes/received/5min 32.72
$SYS/broker/load/bytes/received/15min 14.32
$SYS/broker/load/bytes/sent/1min 2491.80
$SYS/broker/load/bytes/sent/5min 1175.15
$SYS/broker/load/bytes/sent/15min 502.52
$SYS/broker/load/sockets/1min 0.99
$SYS/broker/load/sockets/5min 0.46
$SYS/broker/load/sockets/15min 0.21
$SYS/broker/load/connections/1min 0.99
$SYS/broker/load/connections/5min 0.46
$SYS/broker/load/connections/15min 0.21
$SYS/broker/load/publish/sent/1min 62.26
$SYS/broker/load/publish/sent/5min 29.40
$SYS/broker/load/publish/sent/15min 12.57
$SYS/broker/version mosquitto version 1.4.1
$SYS/broker/timestamp 2015-08-24 15:40:03+0800
$SYS/broker/uptime 13167 seconds
$SYS/broker/clients/total 2
$SYS/broker/clients/inactive 2
$SYS/broker/clients/disconnected 2
$SYS/broker/clients/active 0
$SYS/broker/clients/connected 0
$SYS/broker/clients/expired 0
$SYS/broker/messages/stored 657
$SYS/broker/messages/received 140
$SYS/broker/messages/sent 3551
$SYS/broker/subscriptions/count 4
$SYS/broker/retained messages/count 44
$SYS/broker/heap/current 77296
$SYS/broker/heap/maximum 98068
$SYS/broker/publish/messages/dropped 0
$SYS/broker/publish/messages/received 0
$SYS/broker/publish/messages/sent 3440
$SYS/broker/publish/bytes/received 0
$SYS/broker/publish/bytes/sent 16828
$SYS/broker/bytes/received 3887
$SYS/broker/bytes/sent 139331
$SYS/broker/load/messages/received/1min 2.11
$SYS/broker/load/messages/received/5min 1.28
$SYS/broker/load/messages/received/15min 0.61
$SYS/broker/load/messages/sent/1min 45.87
$SYS/broker/load/messages/sent/5min 33.05
$SYS/broker/load/messages/sent/15min 15.11
$SYS/broker/load/bytes/received/1min 60.07
$SYS/broker/load/bytes/received/5min 39.62
$SYS/broker/load/bytes/received/15min 18.08
$SYS/broker/load/bytes/sent/1min 1766.97
$SYS/broker/load/bytes/sent/5min 1276.10
$SYS/broker/load/bytes/sent/15min 583.53
$SYS/broker/load/sockets/1min 0.83
$SYS/broker/load/sockets/5min 0.55
$SYS/broker/load/sockets/15min 0.27
$SYS/broker/load/connections/1min 0.83
$SYS/broker/load/connections/5min 0.55
$SYS/broker/load/connections/15min 0.27
$SYS/broker/load/publish/sent/1min 44.20
$SYS/broker/load/publish/sent/5min 31.94
$SYS/broker/load/publish/sent/15min 14.60
$SYS/broker/version mosquitto version 1.4.1
$SYS/broker/timestamp 2015-08-24 15:40:03+0800
$SYS/broker/uptime 13167 seconds
$SYS/broker/clients/total 2
$SYS/broker/clients/inactive 2
$SYS/broker/clients/disconnected 2
$SYS/broker/clients/active 0
$SYS/broker/clients/connected 0
$SYS/broker/clients/expired 0
$SYS/broker/messages/stored 657
$SYS/broker/messages/received 140
$SYS/broker/messages/sent 3551
$SYS/broker/subscriptions/count 4
$SYS/broker/retained messages/count 44
$SYS/broker/heap/current 77296
$SYS/broker/heap/maximum 98068
$SYS/broker/publish/messages/dropped 0
$SYS/broker/publish/messages/received 0
$SYS/broker/publish/messages/sent 3440
$SYS/broker/publish/bytes/received 0
$SYS/broker/publish/bytes/sent 16828
$SYS/broker/bytes/received 3887
$SYS/broker/bytes/sent 139331
$SYS/broker/load/messages/received/1min 2.11
$SYS/broker/load/messages/received/5min 1.28
$SYS/broker/load/messages/received/15min 0.61
$SYS/broker/load/messages/sent/1min 45.87
$SYS/broker/load/messages/sent/5min 33.05
$SYS/broker/load/messages/sent/15min 15.11
$SYS/broker/load/bytes/received/1min 60.07
$SYS/broker/load/bytes/received/5min 39.62
$SYS/broker/load/bytes/received/15min 18.08
$SYS/broker/load/bytes/sent/1min 1766.97
$SYS/broker/load/bytes/sent/5min 1276.10
$SYS/broker/load/bytes/sent/15min 583.53
$SYS/broker/load/sockets/1min 0.83
$SYS/broker/load/sockets/5min 0.55
$SYS/broker/load/sockets/15min 0.27
$SYS/broker/load/connections/1min 0.83
$SYS/broker/load/connections/5min 0.55
$SYS/broker/load/connections/15min 0.27
$SYS/broker/load/publish/sent/1min 44.20
$SYS/broker/load/publish/sent/5min 31.94
$SYS/broker/load/publish/sent/15min 14.60
$SYS/broker/version mosquitto version 1.4.1
$SYS/broker/timestamp 2015-08-24 15:40:03+0800
$SYS/broker/uptime 13255 seconds
$SYS/broker/clients/total 2
$SYS/broker/clients/inactive 1
$SYS/broker/clients/disconnected 1
$SYS/broker/clients/active 1
$SYS/broker/clients/connected 1
$SYS/broker/clients/expired 0
$SYS/broker/messages/stored 657
$SYS/broker/messages/received 146
$SYS/broker/messages/sent 3643
$SYS/broker/subscriptions/count 4
$SYS/broker/retained messages/count 44
$SYS/broker/heap/current 78000
$SYS/broker/heap/maximum 98068
$SYS/broker/publish/messages/dropped 0
$SYS/broker/publish/messages/received 0
$SYS/broker/publish/messages/sent 3528
$SYS/broker/publish/bytes/received 0
$SYS/broker/publish/bytes/sent 17252
$SYS/broker/bytes/received 4033
$SYS/broker/bytes/sent 142843
$SYS/broker/load/messages/received/1min 2.01
$SYS/broker/load/messages/received/5min 1.86
$SYS/broker/load/messages/received/15min 0.89
$SYS/broker/load/messages/sent/1min 33.88
$SYS/broker/load/messages/sent/5min 38.62
$SYS/broker/load/messages/sent/15min 19.30
$SYS/broker/load/bytes/received/1min 50.83
$SYS/broker/load/bytes/received/5min 51.73
$SYS/broker/load/bytes/received/15min 25.28
$SYS/broker/load/bytes/sent/1min 1296.84
$SYS/broker/load/bytes/sent/5min 1485.23
$SYS/broker/load/bytes/sent/15min 742.80
$SYS/broker/load/sockets/1min 1.61
$SYS/broker/load/sockets/5min 0.91
$SYS/broker/load/sockets/15min 0.42
$SYS/broker/load/connections/1min 0.70
$SYS/broker/load/connections/5min 0.72
$SYS/broker/load/connections/15min 0.38
$SYS/broker/load/publish/sent/1min 32.48
$SYS/broker/load/publish/sent/5min 37.19
$SYS/broker/load/publish/sent/15min 18.60
$SYS/broker/version mosquitto version 1.4.1
$SYS/broker/timestamp 2015-08-24 15:40:03+0800
$SYS/broker/uptime 13310 seconds
$SYS/broker/clients/total 2
$SYS/broker/clients/inactive 2
$SYS/broker/clients/disconnected 2
$SYS/broker/clients/active 0
$SYS/broker/clients/connected 0
$SYS/broker/clients/expired 0
$SYS/broker/messages/stored 657
$SYS/broker/messages/received 149
$SYS/broker/messages/sent 3689
$SYS/broker/subscriptions/count 4
$SYS/broker/retained messages/count 44
$SYS/broker/heap/current 77304
$SYS/broker/heap/maximum 98068
$SYS/broker/publish/messages/dropped 0
$SYS/broker/publish/messages/received 0
$SYS/broker/publish/messages/sent 3572
$SYS/broker/publish/bytes/received 0
$SYS/broker/publish/bytes/sent 17464
$SYS/broker/bytes/received 4106
$SYS/broker/bytes/sent 144599
$SYS/broker/load/messages/received/1min 2.12
$SYS/broker/load/messages/received/5min 2.06
$SYS/broker/load/messages/received/15min 1.03
$SYS/broker/load/messages/sent/1min 33.73
$SYS/broker/load/messages/sent/5min 39.95
$SYS/broker/load/messages/sent/15min 21.06
$SYS/broker/load/bytes/received/1min 52.36
$SYS/broker/load/bytes/received/5min 55.44
$SYS/broker/load/bytes/received/15min 28.38
$SYS/broker/load/bytes/sent/1min 1289.16
$SYS/broker/load/bytes/sent/5min 1534.24
$SYS/broker/load/bytes/sent/15min 809.57
$SYS/broker/load/sockets/1min 0.64
$SYS/broker/load/sockets/5min 0.76
$SYS/broker/load/sockets/15min 0.42
$SYS/broker/load/connections/1min 0.72
$SYS/broker/load/connections/5min 0.77
$SYS/broker/load/connections/15min 0.41
$SYS/broker/load/publish/sent/1min 32.30
$SYS/broker/load/publish/sent/5min 38.42
$SYS/broker/load/publish/sent/15min 20.27
$SYS/broker/version mosquitto version 1.4.1
$SYS/broker/timestamp 2015-08-24 15:40:03+0800
$SYS/broker/uptime 13365 seconds
$SYS/broker/clients/total 2
$SYS/broker/clients/inactive 2
$SYS/broker/clients/disconnected 2
$SYS/broker/clients/active 0
$SYS/broker/clients/connected 0
$SYS/broker/clients/expired 0
$SYS/broker/messages/stored 657
$SYS/broker/messages/received 152
$SYS/broker/messages/sent 3735
$SYS/broker/subscriptions/count 4
$SYS/broker/retained messages/count 44
$SYS/broker/heap/current 77296
$SYS/broker/heap/maximum 98068
$SYS/broker/publish/messages/dropped 0
$SYS/broker/publish/messages/received 0
$SYS/broker/publish/messages/sent 3616
$SYS/broker/publish/bytes/received 0
$SYS/broker/publish/bytes/sent 17676
$SYS/broker/bytes/received 4179
$SYS/broker/bytes/sent 146355
$SYS/broker/load/messages/received/1min 2.16
$SYS/broker/load/messages/received/5min 2.22
$SYS/broker/load/messages/received/15min 1.16
$SYS/broker/load/messages/sent/1min 33.67
$SYS/broker/load/messages/sent/5min 41.06
$SYS/broker/load/messages/sent/15min 22.71
$SYS/broker/load/bytes/received/1min 52.97
$SYS/broker/load/bytes/received/5min 58.54
$SYS/broker/load/bytes/received/15min 31.31
$SYS/broker/load/bytes/sent/1min 1286.09
$SYS/broker/load/bytes/sent/5min 1575.04
$SYS/broker/load/bytes/sent/15min 872.38
$SYS/broker/load/sockets/1min 0.70
$SYS/broker/load/sockets/5min 0.80
$SYS/broker/load/sockets/15min 0.45
$SYS/broker/load/connections/1min 0.73
$SYS/broker/load/connections/5min 0.81
$SYS/broker/load/connections/15min 0.45
$SYS/broker/load/publish/sent/1min 32.22
$SYS/broker/load/publish/sent/5min 39.45
$SYS/broker/load/publish/sent/15min 21.84
$SYS/broker/version mosquitto version 1.4.1
$SYS/broker/timestamp 2015-08-24 15:40:03+0800
$SYS/broker/uptime 13695 seconds
$SYS/broker/clients/total 2
$SYS/broker/clients/inactive 2
$SYS/broker/clients/disconnected 2
$SYS/broker/clients/active 0
$SYS/broker/clients/connected 0
$SYS/broker/clients/expired 0
$SYS/broker/messages/stored 657
$SYS/broker/messages/received 155
$SYS/broker/messages/sent 3781
$SYS/broker/subscriptions/count 4
$SYS/broker/retained messages/count 44
$SYS/broker/heap/current 77296
$SYS/broker/heap/maximum 98068
$SYS/broker/publish/messages/dropped 0
$SYS/broker/publish/messages/received 0
$SYS/broker/publish/messages/sent 3660
$SYS/broker/publish/bytes/received 0
$SYS/broker/publish/bytes/sent 17888
$SYS/broker/bytes/received 4252
$SYS/broker/bytes/sent 148111
$SYS/broker/load/messages/received/1min 0.06
$SYS/broker/load/messages/received/5min 0.94
$SYS/broker/load/messages/received/15min 0.94
$SYS/broker/load/messages/sent/1min 0.34
$SYS/broker/load/messages/sent/5min 16.79
$SYS/broker/load/messages/sent/15min 17.88
$SYS/broker/load/bytes/received/1min 0.54
$SYS/broker/load/bytes/received/5min 24.44
$SYS/broker/load/bytes/received/15min 25.09
$SYS/broker/load/bytes/sent/1min 13.13
$SYS/broker/load/bytes/sent/5min 643.36
$SYS/broker/load/bytes/sent/15min 686.23
$SYS/broker/load/sockets/1min 0.06
$SYS/broker/load/sockets/5min 0.33
$SYS/broker/load/sockets/15min 0.49
$SYS/broker/load/connections/1min 0.06
$SYS/broker/load/connections/5min 0.34
$SYS/broker/load/connections/15min 0.49
$SYS/broker/load/publish/sent/1min 0.33
$SYS/broker/load/publish/sent/5min 16.11
$SYS/broker/load/publish/sent/15min 17.18
$SYS/broker/version mosquitto version 1.4.1
$SYS/broker/timestamp 2015-08-24 15:40:03+0800
$SYS/broker/uptime 14080 seconds
$SYS/broker/clients/total 2
$SYS/broker/clients/inactive 2
$SYS/broker/clients/disconnected 2
$SYS/broker/clients/active 0
$SYS/broker/clients/connected 0
$SYS/broker/clients/expired 0
$SYS/broker/messages/stored 657
$SYS/broker/messages/received 182
$SYS/broker/messages/sent 4195
$SYS/broker/subscriptions/count 4
$SYS/broker/retained messages/count 44
$SYS/broker/heap/current 77304
$SYS/broker/heap/maximum 98068
$SYS/broker/publish/messages/dropped 0
$SYS/broker/publish/messages/received 0
$SYS/broker/publish/messages/sent 4056
$SYS/broker/publish/bytes/received 0
$SYS/broker/publish/bytes/sent 19792
$SYS/broker/bytes/received 4909
$SYS/broker/bytes/sent 163911
$SYS/broker/load/messages/received/1min 3.88
$SYS/broker/load/messages/received/5min 3.32
$SYS/broker/load/messages/received/15min 2.08
$SYS/broker/load/messages/sent/1min 59.53
$SYS/broker/load/messages/sent/5min 51.50
$SYS/broker/load/messages/sent/15min 34.20
$SYS/broker/load/bytes/received/1min 94.47
$SYS/broker/load/bytes/received/5min 81.11
$SYS/broker/load/bytes/received/15min 52.14
$SYS/broker/load/bytes/sent/1min 2273.66
$SYS/broker/load/bytes/sent/5min 1966.68
$SYS/broker/load/bytes/sent/15min 1308.04
$SYS/broker/load/sockets/1min 1.29
$SYS/broker/load/sockets/5min 1.11
$SYS/broker/load/sockets/15min 0.72
$SYS/broker/load/connections/1min 1.29
$SYS/broker/load/connections/5min 1.11
$SYS/broker/load/connections/15min 0.72
$SYS/broker/load/publish/sent/1min 56.94
$SYS/broker/load/publish/sent/5min 49.27
$SYS/broker/load/publish/sent/15min 32.77
$SYS/broker/version mosquitto version 1.4.1
$SYS/broker/timestamp 2015-08-24 15:40:03+0800
$SYS/broker/uptime 14102 seconds
$SYS/broker/clients/total 2
$SYS/broker/clients/inactive 2
$SYS/broker/clients/disconnected 2
$SYS/broker/clients/active 0
$SYS/broker/clients/connected 0
$SYS/broker/clients/expired 0
$SYS/broker/messages/stored 657
$SYS/broker/messages/received 185
$SYS/broker/messages/sent 4241
$SYS/broker/subscriptions/count 4
$SYS/broker/retained messages/count 44
$SYS/broker/heap/current 77304
$SYS/broker/heap/maximum 98068
$SYS/broker/publish/messages/dropped 0
$SYS/broker/publish/messages/received 0
$SYS/broker/publish/messages/sent 4100
$SYS/broker/publish/bytes/received 0
$SYS/broker/publish/bytes/sent 20005
$SYS/broker/bytes/received 4982
$SYS/broker/bytes/sent 165668
$SYS/broker/load/messages/received/1min 4.97
$SYS/broker/load/messages/received/5min 3.65
$SYS/broker/load/messages/received/15min 2.23
$SYS/broker/load/messages/sent/1min 76.24
$SYS/broker/load/messages/sent/5min 56.56
$SYS/broker/load/messages/sent/15min 36.39
$SYS/broker/load/bytes/received/1min 121.00
$SYS/broker/load/bytes/received/5min 89.20
$SYS/broker/load/bytes/received/15min 55.66
$SYS/broker/load/bytes/sent/1min 2912.18
$SYS/broker/load/bytes/sent/5min 2160.23
$SYS/broker/load/bytes/sent/15min 1391.46
$SYS/broker/load/sockets/1min 1.66
$SYS/broker/load/sockets/5min 1.22
$SYS/broker/load/sockets/15min 0.77
$SYS/broker/load/connections/1min 1.66
$SYS/broker/load/connections/5min 1.22
$SYS/broker/load/connections/15min 0.77
$SYS/broker/load/publish/sent/1min 72.93
$SYS/broker/load/publish/sent/5min 54.12
$SYS/broker/load/publish/sent/15min 34.86
$SYS/broker/version mosquitto version 1.4.1
$SYS/broker/timestamp 2015-08-24 15:40:03+0800
$SYS/broker/uptime 14168 seconds
$SYS/broker/clients/total 2
$SYS/broker/clients/inactive 2
$SYS/broker/clients/disconnected 2
$SYS/broker/clients/active 0
$SYS/broker/clients/connected 0
$SYS/broker/clients/expired 0
$SYS/broker/messages/stored 657
$SYS/broker/messages/received 191
$SYS/broker/messages/sent 4333
$SYS/broker/subscriptions/count 4
$SYS/broker/retained messages/count 44
$SYS/broker/heap/current 77304
$SYS/broker/heap/maximum 98068
$SYS/broker/publish/messages/dropped 0
$SYS/broker/publish/messages/received 0
$SYS/broker/publish/messages/sent 4188
$SYS/broker/publish/bytes/received 0
$SYS/broker/publish/bytes/sent 20436
$SYS/broker/bytes/received 5128
$SYS/broker/bytes/sent 169187
$SYS/broker/load/messages/received/1min 4.07
$SYS/broker/load/messages/received/5min 3.93
$SYS/broker/load/messages/received/15min 2.45
$SYS/broker/load/messages/sent/1min 62.37
$SYS/broker/load/messages/sent/5min 60.71
$SYS/broker/load/messages/sent/15min 39.59
$SYS/broker/load/bytes/received/1min 98.98
$SYS/broker/load/bytes/received/5min 95.90
$SYS/broker/load/bytes/received/15min 60.88
$SYS/broker/load/bytes/sent/1min 2384.46
$SYS/broker/load/bytes/sent/5min 2319.68
$SYS/broker/load/bytes/sent/15min 1513.77
$SYS/broker/load/sockets/1min 1.36
$SYS/broker/load/sockets/5min 1.31
$SYS/broker/load/sockets/15min 0.84
$SYS/broker/load/connections/1min 1.36
$SYS/broker/load/connections/5min 1.31
$SYS/broker/load/connections/15min 0.84
$SYS/broker/load/publish/sent/1min 59.66
$SYS/broker/load/publish/sent/5min 58.09
$SYS/broker/load/publish/sent/15min 37.91
$SYS/broker/version mosquitto version 1.4.1
$SYS/broker/timestamp 2015-08-24 15:40:03+0800
$SYS/broker/uptime 14201 seconds
$SYS/broker/clients/total 2
$SYS/broker/clients/inactive 2
$SYS/broker/clients/disconnected 2
$SYS/broker/clients/active 0
$SYS/broker/clients/connected 0
$SYS/broker/clients/expired 0
$SYS/broker/messages/stored 657
$SYS/broker/messages/received 197
$SYS/broker/messages/sent 4425
$SYS/broker/subscriptions/count 4
$SYS/broker/retained messages/count 44
$SYS/broker/heap/current 77296
$SYS/broker/heap/maximum 98068
$SYS/broker/publish/messages/dropped 0
$SYS/broker/publish/messages/received 0
$SYS/broker/publish/messages/sent 4276
$SYS/broker/publish/bytes/received 0
$SYS/broker/publish/bytes/sent 20862
$SYS/broker/bytes/received 5274
$SYS/broker/bytes/sent 172701
$SYS/broker/load/messages/received/1min 6.15
$SYS/broker/load/messages/received/5min 4.61
$SYS/broker/load/messages/received/15min 2.75
$SYS/broker/load/messages/sent/1min 94.24
$SYS/broker/load/messages/sent/5min 71.18
$SYS/broker/load/messages/sent/15min 44.11
$SYS/broker/load/bytes/received/1min 149.56
$SYS/broker/load/bytes/received/5min 112.55
$SYS/broker/load/bytes/received/15min 68.13
$SYS/broker/load/bytes/sent/1min 3600.86
$SYS/broker/load/bytes/sent/5min 2719.32
$SYS/broker/load/bytes/sent/15min 1686.49
$SYS/broker/load/sockets/1min 2.05
$SYS/broker/load/sockets/5min 1.54
$SYS/broker/load/sockets/15min 0.93
$SYS/broker/load/connections/1min 2.05
$SYS/broker/load/connections/5min 1.54
$SYS/broker/load/connections/15min 0.93
$SYS/broker/load/publish/sent/1min 90.14
$SYS/broker/load/publish/sent/5min 68.10
$SYS/broker/load/publish/sent/15min 42.24
$SYS/broker/version mosquitto version 1.4.1
$SYS/broker/timestamp 2015-08-24 15:40:03+0800
$SYS/broker/uptime 14212 seconds
$SYS/broker/clients/total 2
$SYS/broker/clients/inactive 2
$SYS/broker/clients/disconnected 2
$SYS/broker/clients/active 0
$SYS/broker/clients/connected 0
$SYS/broker/clients/expired 0
$SYS/broker/messages/stored 657
$SYS/broker/messages/received 200
$SYS/broker/messages/sent 4471
$SYS/broker/subscriptions/count 4
$SYS/broker/retained messages/count 44
$SYS/broker/heap/current 77304
$SYS/broker/heap/maximum 98068
$SYS/broker/publish/messages/dropped 0
$SYS/broker/publish/messages/received 0
$SYS/broker/publish/messages/sent 4320
$SYS/broker/publish/bytes/received 0
$SYS/broker/publish/bytes/sent 21077
$SYS/broker/bytes/received 5347
$SYS/broker/bytes/sent 174460
$SYS/broker/load/messages/received/1min 7.86
$SYS/broker/load/messages/received/5min 5.04
$SYS/broker/load/messages/received/15min 2.91
$SYS/broker/load/messages/sent/1min 120.49
$SYS/broker/load/messages/sent/5min 77.65
$SYS/broker/load/messages/sent/15min 46.62
$SYS/broker/load/bytes/received/1min 191.20
$SYS/broker/load/bytes/received/5min 122.83
$SYS/broker/load/bytes/received/15min 72.14
$SYS/broker/load/bytes/sent/1min 4604.86
$SYS/broker/load/bytes/sent/5min 2966.85
$SYS/broker/load/bytes/sent/15min 1782.56
$SYS/broker/load/sockets/1min 2.62
$SYS/broker/load/sockets/5min 1.68
$SYS/broker/load/sockets/15min 0.99
$SYS/broker/load/connections/1min 2.62
$SYS/broker/load/connections/5min 1.68
$SYS/broker/load/connections/15min 0.99
$SYS/broker/load/publish/sent/1min 115.25
$SYS/broker/load/publish/sent/5min 74.28
$SYS/broker/load/publish/sent/15min 44.64
